Name                                   Stmts   Miss  Cover   Missing
--------------------------------------------------------------------
attention_motifs\__init__.py               0      0   100%
attention_motifs\ae.py                   124     88    29%   12, 17-18, 33, 43-64, 77-78, 87-88, 99, 119-133, 144-154, 159-177, 183-226, 230-250, 257-264, 273, 290-316
attention_motifs\consts.py                82     10    88%   45-47, 57, 101-102, 122-123, 145-148
attention_motifs\dataset\__init__.py       0      0   100%
attention_motifs\dataset\dataset.py      187     70    63%   67, 92-96, 128, 133-135, 159, 163, 166, 171, 177, 181, 184-185, 191, 195, 239-274, 281, 296, 305, 331-334, 344-347, 353-363, 384, 395, 399, 404-412, 453-454, 456, 463, 467, 470, 498, 502, 522-526, 532, 545-556
attention_motifs\dataset\prompts.py      122      5    96%   106, 190, 231, 253-254
attention_motifs\dataset\util.py         122     43    65%   44, 56, 65, 68, 71, 74, 83-98, 117, 139-141, 151, 158-163, 167, 197, 200, 203-206, 213, 263, 266-270, 281-284, 329-330, 345-349, 371, 374, 392, 395-399, 412
attention_motifs\figure_funcs.py          74     74     0%   1-186
tests\dataset\test_integration.py         71      5    93%   188-195
tests\dataset\test_prompts.py            151      0   100%
tests\dataset\test_unit.py               105     28    73%   90-93, 103-104, 110, 117, 124, 129, 139, 154-155, 157-160, 165-167, 197, 202, 253, 257, 261-262, 271, 284-292
tests\test_ae.py                          42     20    52%   26, 30-34, 41, 46-52, 58, 61-64, 67-72, 84, 87-90, 97, 100-104
tests\test_consts.py                      49      0   100%
--------------------------------------------------------------------
TOTAL                                   1129    343    70%
